bot.py:24 #INFO     [2023-01-24 21:24:18,448] - __main__ - Starting bot
bot.py:24 #INFO     [2023-01-24 21:25:11,604] - __main__ - Starting bot
bot.py:24 #INFO     [2023-01-24 21:28:02,767] - __main__ - Starting bot
dispatcher.py:358 #INFO     [2023-01-24 21:28:02,798] - aiogram.dispatcher.dispatcher - Start polling.
dispatcher.py:390 #ERROR    [2023-01-24 21:28:08,181] - aiogram.dispatcher.dispatcher - Cause exception while getting updates.
Traceback (most recent call last):
  File "D:\Python\Git\CryptoInfoBot\venv\lib\site-packages\aiogram\dispatcher\dispatcher.py", line 381, in start_polling
    updates = await self.bot.get_updates(
  File "D:\Python\Git\CryptoInfoBot\venv\lib\site-packages\aiogram\bot\bot.py", line 110, in get_updates
    result = await self.request(api.Methods.GET_UPDATES, payload)
  File "D:\Python\Git\CryptoInfoBot\venv\lib\site-packages\aiogram\bot\base.py", line 236, in request
    return await api.make_request(await self.get_session(), self.server, self.__token, method, data, files,
  File "D:\Python\Git\CryptoInfoBot\venv\lib\site-packages\aiogram\bot\api.py", line 140, in make_request
    return check_result(method, response.content_type, response.status, await response.text())
  File "D:\Python\Git\CryptoInfoBot\venv\lib\site-packages\aiogram\bot\api.py", line 119, in check_result
    exceptions.ConflictError.detect(description)
  File "D:\Python\Git\CryptoInfoBot\venv\lib\site-packages\aiogram\utils\exceptions.py", line 140, in detect
    raise err(cls.text or description)
aiogram.utils.exceptions.TerminatedByOtherGetUpdates: Terminated by other getupdates request; make sure that only one bot instance is running
dispatcher.py:405 #WARNING  [2023-01-24 21:28:13,530] - aiogram.dispatcher.dispatcher - Polling is stopped.
bot.py:46 #ERROR    [2023-01-24 21:28:13,538] - __main__ - Bot stopped! Error: <class 'KeyboardInterrupt'> <class 'SystemExit'>
dispatcher.py:433 #INFO     [2023-01-24 21:28:13,567] - aiogram.dispatcher.dispatcher - Stop polling...
bot.py:26 #INFO     [2023-01-31 13:25:54,884] - __main__ - Starting bot
dispatcher.py:358 #INFO     [2023-01-31 13:25:55,137] - aiogram.dispatcher.dispatcher - Start polling.
dispatcher.py:405 #WARNING  [2023-01-31 13:27:32,066] - aiogram.dispatcher.dispatcher - Polling is stopped.
bot.py:49 #ERROR    [2023-01-31 13:27:32,066] - __main__ - Bot stopped! Error: <class 'KeyboardInterrupt'> <class 'SystemExit'>
dispatcher.py:433 #INFO     [2023-01-31 13:27:32,076] - aiogram.dispatcher.dispatcher - Stop polling...
